[1.065s] Invoking command in '/home/autodrive_devkit/roboracer_ws/src/wall_follower': PYTHONPATH=/home/autodrive_devkit/roboracer_ws/build/wall_follower/prefix_override:/usr/lib/python3/dist-packages/colcon_core/task/python/colcon_distutils_commands:/home/autodrive_devkit/roboracer_ws/install/wall_follower/lib/python3.10/site-packages:${PYTHONPATH} /usr/bin/python3 -W ignore:setup.py install is deprecated -W ignore:easy_install command is deprecated setup.py egg_info --egg-base ../../build/wall_follower build --build-base /home/autodrive_devkit/roboracer_ws/build/wall_follower/build install --record /home/autodrive_devkit/roboracer_ws/build/wall_follower/install.log --single-version-externally-managed install_data
[1.510s] running egg_info
[1.511s] writing ../../build/wall_follower/wall_follower.egg-info/PKG-INFO
[1.511s] writing dependency_links to ../../build/wall_follower/wall_follower.egg-info/dependency_links.txt
[1.511s] writing entry points to ../../build/wall_follower/wall_follower.egg-info/entry_points.txt
[1.512s] writing requirements to ../../build/wall_follower/wall_follower.egg-info/requires.txt
[1.512s] writing top-level names to ../../build/wall_follower/wall_follower.egg-info/top_level.txt
[1.513s] reading manifest file '../../build/wall_follower/wall_follower.egg-info/SOURCES.txt'
[1.515s] writing manifest file '../../build/wall_follower/wall_follower.egg-info/SOURCES.txt'
[1.515s] running build
[1.515s] running build_py
[1.516s] copying wall_follower/track_mapper.py -> /home/autodrive_devkit/roboracer_ws/build/wall_follower/build/lib/wall_follower
[1.516s] running install
[1.517s] running install_lib
[1.518s] copying /home/autodrive_devkit/roboracer_ws/build/wall_follower/build/lib/wall_follower/track_mapper.py -> /home/autodrive_devkit/roboracer_ws/install/wall_follower/lib/python3.10/site-packages/wall_follower
[1.519s] byte-compiling /home/autodrive_devkit/roboracer_ws/install/wall_follower/lib/python3.10/site-packages/wall_follower/track_mapper.py to track_mapper.cpython-310.pyc
[1.523s] running install_data
[1.523s] running install_egg_info
[1.526s] removing '/home/autodrive_devkit/roboracer_ws/install/wall_follower/lib/python3.10/site-packages/wall_follower-0.0.0-py3.10.egg-info' (and everything under it)
[1.526s] Copying ../../build/wall_follower/wall_follower.egg-info to /home/autodrive_devkit/roboracer_ws/install/wall_follower/lib/python3.10/site-packages/wall_follower-0.0.0-py3.10.egg-info
[1.527s] running install_scripts
[1.562s] Installing disparity_extender script to /home/autodrive_devkit/roboracer_ws/install/wall_follower/lib/wall_follower
[1.563s] Installing ftg_driver script to /home/autodrive_devkit/roboracer_ws/install/wall_follower/lib/wall_follower
[1.563s] Installing global_planner script to /home/autodrive_devkit/roboracer_ws/install/wall_follower/lib/wall_follower
[1.563s] Installing local_planner script to /home/autodrive_devkit/roboracer_ws/install/wall_follower/lib/wall_follower
[1.564s] Installing map_driver script to /home/autodrive_devkit/roboracer_ws/install/wall_follower/lib/wall_follower
[1.564s] Installing mpc_controller script to /home/autodrive_devkit/roboracer_ws/install/wall_follower/lib/wall_follower
[1.564s] Installing path_racer script to /home/autodrive_devkit/roboracer_ws/install/wall_follower/lib/wall_follower
[1.564s] Installing rw_follower script to /home/autodrive_devkit/roboracer_ws/install/wall_follower/lib/wall_follower
[1.564s] Installing slam_driver script to /home/autodrive_devkit/roboracer_ws/install/wall_follower/lib/wall_follower
[1.564s] Installing tf_broadcaster script to /home/autodrive_devkit/roboracer_ws/install/wall_follower/lib/wall_follower
[1.564s] Installing track_mapper script to /home/autodrive_devkit/roboracer_ws/install/wall_follower/lib/wall_follower
[1.565s] writing list of installed files to '/home/autodrive_devkit/roboracer_ws/build/wall_follower/install.log'
[1.599s] Invoked command in '/home/autodrive_devkit/roboracer_ws/src/wall_follower' returned '0': PYTHONPATH=/home/autodrive_devkit/roboracer_ws/build/wall_follower/prefix_override:/usr/lib/python3/dist-packages/colcon_core/task/python/colcon_distutils_commands:/home/autodrive_devkit/roboracer_ws/install/wall_follower/lib/python3.10/site-packages:${PYTHONPATH} /usr/bin/python3 -W ignore:setup.py install is deprecated -W ignore:easy_install command is deprecated setup.py egg_info --egg-base ../../build/wall_follower build --build-base /home/autodrive_devkit/roboracer_ws/build/wall_follower/build install --record /home/autodrive_devkit/roboracer_ws/build/wall_follower/install.log --single-version-externally-managed install_data
