[1.418s] Invoking command in '/home/autodrive_devkit/roboracer_ws/src/wall_follower': PYTHONPATH=/home/autodrive_devkit/roboracer_ws/build/wall_follower/prefix_override:/usr/lib/python3/dist-packages/colcon_core/task/python/colcon_distutils_commands:/home/autodrive_devkit/roboracer_ws/install/wall_follower/lib/python3.10/site-packages:${PYTHONPATH} /usr/bin/python3 -W ignore:setup.py install is deprecated -W ignore:easy_install command is deprecated setup.py egg_info --egg-base ../../build/wall_follower build --build-base /home/autodrive_devkit/roboracer_ws/build/wall_follower/build install --record /home/autodrive_devkit/roboracer_ws/build/wall_follower/install.log --single-version-externally-managed install_data
[1.949s] running egg_info
[1.951s] writing ../../build/wall_follower/wall_follower.egg-info/PKG-INFO
[1.951s] writing dependency_links to ../../build/wall_follower/wall_follower.egg-info/dependency_links.txt
[1.952s] writing entry points to ../../build/wall_follower/wall_follower.egg-info/entry_points.txt
[1.952s] writing requirements to ../../build/wall_follower/wall_follower.egg-info/requires.txt
[1.952s] writing top-level names to ../../build/wall_follower/wall_follower.egg-info/top_level.txt
[1.956s] reading manifest file '../../build/wall_follower/wall_follower.egg-info/SOURCES.txt'
[1.959s] writing manifest file '../../build/wall_follower/wall_follower.egg-info/SOURCES.txt'
[1.959s] running build
[1.959s] running build_py
[1.960s] copying wall_follower/track_mapper.py -> /home/autodrive_devkit/roboracer_ws/build/wall_follower/build/lib/wall_follower
[1.961s] running install
[1.962s] running install_lib
[1.964s] copying /home/autodrive_devkit/roboracer_ws/build/wall_follower/build/lib/wall_follower/track_mapper.py -> /home/autodrive_devkit/roboracer_ws/install/wall_follower/lib/python3.10/site-packages/wall_follower
[1.965s] byte-compiling /home/autodrive_devkit/roboracer_ws/install/wall_follower/lib/python3.10/site-packages/wall_follower/track_mapper.py to track_mapper.cpython-310.pyc
[1.972s] running install_data
[1.972s] running install_egg_info
[1.977s] removing '/home/autodrive_devkit/roboracer_ws/install/wall_follower/lib/python3.10/site-packages/wall_follower-0.0.0-py3.10.egg-info' (and everything under it)
[1.977s] Copying ../../build/wall_follower/wall_follower.egg-info to /home/autodrive_devkit/roboracer_ws/install/wall_follower/lib/python3.10/site-packages/wall_follower-0.0.0-py3.10.egg-info
[1.980s] running install_scripts
[2.034s] Installing disparity_extender script to /home/autodrive_devkit/roboracer_ws/install/wall_follower/lib/wall_follower
[2.034s] Installing ftg_driver script to /home/autodrive_devkit/roboracer_ws/install/wall_follower/lib/wall_follower
[2.034s] Installing global_planner script to /home/autodrive_devkit/roboracer_ws/install/wall_follower/lib/wall_follower
[2.035s] Installing local_planner script to /home/autodrive_devkit/roboracer_ws/install/wall_follower/lib/wall_follower
[2.035s] Installing map_driver script to /home/autodrive_devkit/roboracer_ws/install/wall_follower/lib/wall_follower
[2.035s] Installing mpc_controller script to /home/autodrive_devkit/roboracer_ws/install/wall_follower/lib/wall_follower
[2.036s] Installing path_racer script to /home/autodrive_devkit/roboracer_ws/install/wall_follower/lib/wall_follower
[2.037s] Installing rw_follower script to /home/autodrive_devkit/roboracer_ws/install/wall_follower/lib/wall_follower
[2.037s] Installing slam_driver script to /home/autodrive_devkit/roboracer_ws/install/wall_follower/lib/wall_follower
[2.037s] Installing tf_broadcaster script to /home/autodrive_devkit/roboracer_ws/install/wall_follower/lib/wall_follower
[2.038s] Installing track_mapper script to /home/autodrive_devkit/roboracer_ws/install/wall_follower/lib/wall_follower
[2.038s] writing list of installed files to '/home/autodrive_devkit/roboracer_ws/build/wall_follower/install.log'
[2.097s] Invoked command in '/home/autodrive_devkit/roboracer_ws/src/wall_follower' returned '0': PYTHONPATH=/home/autodrive_devkit/roboracer_ws/build/wall_follower/prefix_override:/usr/lib/python3/dist-packages/colcon_core/task/python/colcon_distutils_commands:/home/autodrive_devkit/roboracer_ws/install/wall_follower/lib/python3.10/site-packages:${PYTHONPATH} /usr/bin/python3 -W ignore:setup.py install is deprecated -W ignore:easy_install command is deprecated setup.py egg_info --egg-base ../../build/wall_follower build --build-base /home/autodrive_devkit/roboracer_ws/build/wall_follower/build install --record /home/autodrive_devkit/roboracer_ws/build/wall_follower/install.log --single-version-externally-managed install_data
