[1.410s] Invoking command in '/home/autodrive_devkit/roboracer_ws/src/wall_follower': PYTHONPATH=/home/autodrive_devkit/roboracer_ws/build/wall_follower/prefix_override:/usr/lib/python3/dist-packages/colcon_core/task/python/colcon_distutils_commands:/home/autodrive_devkit/roboracer_ws/install/wall_follower/lib/python3.10/site-packages:${PYTHONPATH} /usr/bin/python3 -W ignore:setup.py install is deprecated -W ignore:easy_install command is deprecated setup.py egg_info --egg-base ../../build/wall_follower build --build-base /home/autodrive_devkit/roboracer_ws/build/wall_follower/build install --record /home/autodrive_devkit/roboracer_ws/build/wall_follower/install.log --single-version-externally-managed install_data
[1.978s] running egg_info
[1.981s] writing ../../build/wall_follower/wall_follower.egg-info/PKG-INFO
[1.982s] writing dependency_links to ../../build/wall_follower/wall_follower.egg-info/dependency_links.txt
[1.982s] writing entry points to ../../build/wall_follower/wall_follower.egg-info/entry_points.txt
[1.983s] writing requirements to ../../build/wall_follower/wall_follower.egg-info/requires.txt
[1.983s] writing top-level names to ../../build/wall_follower/wall_follower.egg-info/top_level.txt
[1.989s] reading manifest file '../../build/wall_follower/wall_follower.egg-info/SOURCES.txt'
[1.991s] writing manifest file '../../build/wall_follower/wall_follower.egg-info/SOURCES.txt'
[1.991s] running build
[1.991s] running build_py
[1.992s] running install
[1.993s] running install_lib
[1.997s] running install_data
[1.998s] running install_egg_info
[2.004s] removing '/home/autodrive_devkit/roboracer_ws/install/wall_follower/lib/python3.10/site-packages/wall_follower-0.0.0-py3.10.egg-info' (and everything under it)
[2.004s] Copying ../../build/wall_follower/wall_follower.egg-info to /home/autodrive_devkit/roboracer_ws/install/wall_follower/lib/python3.10/site-packages/wall_follower-0.0.0-py3.10.egg-info
[2.006s] running install_scripts
[2.052s] Installing comp_driver script to /home/autodrive_devkit/roboracer_ws/install/wall_follower/lib/wall_follower
[2.053s] Installing global_planner script to /home/autodrive_devkit/roboracer_ws/install/wall_follower/lib/wall_follower
[2.054s] Installing local_planner script to /home/autodrive_devkit/roboracer_ws/install/wall_follower/lib/wall_follower
[2.054s] Installing map_follower script to /home/autodrive_devkit/roboracer_ws/install/wall_follower/lib/wall_follower
[2.055s] Installing mpc_controller script to /home/autodrive_devkit/roboracer_ws/install/wall_follower/lib/wall_follower
[2.055s] Installing mpc_driver script to /home/autodrive_devkit/roboracer_ws/install/wall_follower/lib/wall_follower
[2.055s] Installing robust_driver script to /home/autodrive_devkit/roboracer_ws/install/wall_follower/lib/wall_follower
[2.055s] Installing simple_driver script to /home/autodrive_devkit/roboracer_ws/install/wall_follower/lib/wall_follower
[2.056s] Installing slam_driver script to /home/autodrive_devkit/roboracer_ws/install/wall_follower/lib/wall_follower
[2.057s] writing list of installed files to '/home/autodrive_devkit/roboracer_ws/build/wall_follower/install.log'
[2.123s] Invoked command in '/home/autodrive_devkit/roboracer_ws/src/wall_follower' returned '0': PYTHONPATH=/home/autodrive_devkit/roboracer_ws/build/wall_follower/prefix_override:/usr/lib/python3/dist-packages/colcon_core/task/python/colcon_distutils_commands:/home/autodrive_devkit/roboracer_ws/install/wall_follower/lib/python3.10/site-packages:${PYTHONPATH} /usr/bin/python3 -W ignore:setup.py install is deprecated -W ignore:easy_install command is deprecated setup.py egg_info --egg-base ../../build/wall_follower build --build-base /home/autodrive_devkit/roboracer_ws/build/wall_follower/build install --record /home/autodrive_devkit/roboracer_ws/build/wall_follower/install.log --single-version-externally-managed install_data
