[0.464s] Invoking command in '/home/autodrive_devkit/roboracer_ws/src/wall_follower': PYTHONPATH=/home/autodrive_devkit/roboracer_ws/build/wall_follower/prefix_override:/usr/lib/python3/dist-packages/colcon_core/task/python/colcon_distutils_commands:/home/autodrive_devkit/roboracer_ws/install/wall_follower/lib/python3.10/site-packages:${PYTHONPATH} /usr/bin/python3 -W ignore:setup.py install is deprecated -W ignore:easy_install command is deprecated setup.py egg_info --egg-base ../../build/wall_follower build --build-base /home/autodrive_devkit/roboracer_ws/build/wall_follower/build install --record /home/autodrive_devkit/roboracer_ws/build/wall_follower/install.log --single-version-externally-managed install_data
[0.642s] running egg_info
[0.643s] writing ../../build/wall_follower/wall_follower.egg-info/PKG-INFO
[0.643s] writing dependency_links to ../../build/wall_follower/wall_follower.egg-info/dependency_links.txt
[0.644s] writing entry points to ../../build/wall_follower/wall_follower.egg-info/entry_points.txt
[0.644s] writing requirements to ../../build/wall_follower/wall_follower.egg-info/requires.txt
[0.644s] writing top-level names to ../../build/wall_follower/wall_follower.egg-info/top_level.txt
[0.646s] reading manifest file '../../build/wall_follower/wall_follower.egg-info/SOURCES.txt'
[0.647s] writing manifest file '../../build/wall_follower/wall_follower.egg-info/SOURCES.txt'
[0.647s] running build
[0.647s] running build_py
[0.648s] copying wall_follower/mpc_controller.py -> /home/autodrive_devkit/roboracer_ws/build/wall_follower/build/lib/wall_follower
[0.648s] copying wall_follower/local_planner.py -> /home/autodrive_devkit/roboracer_ws/build/wall_follower/build/lib/wall_follower
[0.648s] running install
[0.649s] running install_lib
[0.650s] copying /home/autodrive_devkit/roboracer_ws/build/wall_follower/build/lib/wall_follower/mpc_controller.py -> /home/autodrive_devkit/roboracer_ws/install/wall_follower/lib/python3.10/site-packages/wall_follower
[0.650s] copying /home/autodrive_devkit/roboracer_ws/build/wall_follower/build/lib/wall_follower/local_planner.py -> /home/autodrive_devkit/roboracer_ws/install/wall_follower/lib/python3.10/site-packages/wall_follower
[0.651s] byte-compiling /home/autodrive_devkit/roboracer_ws/install/wall_follower/lib/python3.10/site-packages/wall_follower/mpc_controller.py to mpc_controller.cpython-310.pyc
[0.652s] byte-compiling /home/autodrive_devkit/roboracer_ws/install/wall_follower/lib/python3.10/site-packages/wall_follower/local_planner.py to local_planner.cpython-310.pyc
[0.653s] running install_data
[0.653s] running install_egg_info
[0.655s] removing '/home/autodrive_devkit/roboracer_ws/install/wall_follower/lib/python3.10/site-packages/wall_follower-0.0.0-py3.10.egg-info' (and everything under it)
[0.655s] Copying ../../build/wall_follower/wall_follower.egg-info to /home/autodrive_devkit/roboracer_ws/install/wall_follower/lib/python3.10/site-packages/wall_follower-0.0.0-py3.10.egg-info
[0.655s] running install_scripts
[0.676s] Installing comp_driver script to /home/autodrive_devkit/roboracer_ws/install/wall_follower/lib/wall_follower
[0.676s] Installing global_planner script to /home/autodrive_devkit/roboracer_ws/install/wall_follower/lib/wall_follower
[0.676s] Installing local_planner script to /home/autodrive_devkit/roboracer_ws/install/wall_follower/lib/wall_follower
[0.676s] Installing map_follower script to /home/autodrive_devkit/roboracer_ws/install/wall_follower/lib/wall_follower
[0.677s] Installing mpc_controller script to /home/autodrive_devkit/roboracer_ws/install/wall_follower/lib/wall_follower
[0.677s] Installing mpc_driver script to /home/autodrive_devkit/roboracer_ws/install/wall_follower/lib/wall_follower
[0.677s] Installing robust_driver script to /home/autodrive_devkit/roboracer_ws/install/wall_follower/lib/wall_follower
[0.677s] Installing simple_driver script to /home/autodrive_devkit/roboracer_ws/install/wall_follower/lib/wall_follower
[0.677s] Installing slam_driver script to /home/autodrive_devkit/roboracer_ws/install/wall_follower/lib/wall_follower
[0.677s] writing list of installed files to '/home/autodrive_devkit/roboracer_ws/build/wall_follower/install.log'
[0.699s] Invoked command in '/home/autodrive_devkit/roboracer_ws/src/wall_follower' returned '0': PYTHONPATH=/home/autodrive_devkit/roboracer_ws/build/wall_follower/prefix_override:/usr/lib/python3/dist-packages/colcon_core/task/python/colcon_distutils_commands:/home/autodrive_devkit/roboracer_ws/install/wall_follower/lib/python3.10/site-packages:${PYTHONPATH} /usr/bin/python3 -W ignore:setup.py install is deprecated -W ignore:easy_install command is deprecated setup.py egg_info --egg-base ../../build/wall_follower build --build-base /home/autodrive_devkit/roboracer_ws/build/wall_follower/build install --record /home/autodrive_devkit/roboracer_ws/build/wall_follower/install.log --single-version-externally-managed install_data
