running egg_info
creating ../../build/wall_follower/wall_follower.egg-info
writing ../../build/wall_follower/wall_follower.egg-info/PKG-INFO
writing dependency_links to ../../build/wall_follower/wall_follower.egg-info/dependency_links.txt
writing entry points to ../../build/wall_follower/wall_follower.egg-info/entry_points.txt
writing requirements to ../../build/wall_follower/wall_follower.egg-info/requires.txt
writing top-level names to ../../build/wall_follower/wall_follower.egg-info/top_level.txt
writing manifest file '../../build/wall_follower/wall_follower.egg-info/SOURCES.txt'
reading manifest file '../../build/wall_follower/wall_follower.egg-info/SOURCES.txt'
writing manifest file '../../build/wall_follower/wall_follower.egg-info/SOURCES.txt'
running build
running build_py
creating /home/autodrive_devkit/roboracer_ws/build/wall_follower/build
creating /home/autodrive_devkit/roboracer_ws/build/wall_follower/build/lib
creating /home/autodrive_devkit/roboracer_ws/build/wall_follower/build/lib/wall_follower
copying wall_follower/__init__.py -> /home/autodrive_devkit/roboracer_ws/build/wall_follower/build/lib/wall_follower
copying wall_follower/simple_driver.py -> /home/autodrive_devkit/roboracer_ws/build/wall_follower/build/lib/wall_follower
running install
running install_lib
creating /home/autodrive_devkit/roboracer_ws/install/wall_follower/lib/python3.10/site-packages/wall_follower
copying /home/autodrive_devkit/roboracer_ws/build/wall_follower/build/lib/wall_follower/__init__.py -> /home/autodrive_devkit/roboracer_ws/install/wall_follower/lib/python3.10/site-packages/wall_follower
copying /home/autodrive_devkit/roboracer_ws/build/wall_follower/build/lib/wall_follower/simple_driver.py -> /home/autodrive_devkit/roboracer_ws/install/wall_follower/lib/python3.10/site-packages/wall_follower
byte-compiling /home/autodrive_devkit/roboracer_ws/install/wall_follower/lib/python3.10/site-packages/wall_follower/__init__.py to __init__.cpython-310.pyc
byte-compiling /home/autodrive_devkit/roboracer_ws/install/wall_follower/lib/python3.10/site-packages/wall_follower/simple_driver.py to simple_driver.cpython-310.pyc
running install_data
creating /home/autodrive_devkit/roboracer_ws/install/wall_follower/share/ament_index
creating /home/autodrive_devkit/roboracer_ws/install/wall_follower/share/ament_index/resource_index
creating /home/autodrive_devkit/roboracer_ws/install/wall_follower/share/ament_index/resource_index/packages
copying resource/wall_follower -> /home/autodrive_devkit/roboracer_ws/install/wall_follower/share/ament_index/resource_index/packages
copying package.xml -> /home/autodrive_devkit/roboracer_ws/install/wall_follower/share/wall_follower
running install_egg_info
Copying ../../build/wall_follower/wall_follower.egg-info to /home/autodrive_devkit/roboracer_ws/install/wall_follower/lib/python3.10/site-packages/wall_follower-0.0.0-py3.10.egg-info
running install_scripts
Installing simple_driver script to /home/autodrive_devkit/roboracer_ws/install/wall_follower/lib/wall_follower
writing list of installed files to '/home/autodrive_devkit/roboracer_ws/build/wall_follower/install.log'
