[0.295s] Invoking command in '/home/autodrive_devkit/roboracer_ws/src/wall_follower': PYTHONPATH=/home/autodrive_devkit/roboracer_ws/build/wall_follower/prefix_override:/usr/lib/python3/dist-packages/colcon_core/task/python/colcon_distutils_commands:/home/autodrive_devkit/roboracer_ws/install/wall_follower/lib/python3.10/site-packages:${PYTHONPATH} /usr/bin/python3 -W ignore:setup.py install is deprecated -W ignore:easy_install command is deprecated setup.py egg_info --egg-base ../../build/wall_follower build --build-base /home/autodrive_devkit/roboracer_ws/build/wall_follower/build install --record /home/autodrive_devkit/roboracer_ws/build/wall_follower/install.log --single-version-externally-managed install_data
[0.407s] running egg_info
[0.407s] writing ../../build/wall_follower/wall_follower.egg-info/PKG-INFO
[0.407s] writing dependency_links to ../../build/wall_follower/wall_follower.egg-info/dependency_links.txt
[0.407s] writing entry points to ../../build/wall_follower/wall_follower.egg-info/entry_points.txt
[0.408s] writing requirements to ../../build/wall_follower/wall_follower.egg-info/requires.txt
[0.408s] writing top-level names to ../../build/wall_follower/wall_follower.egg-info/top_level.txt
[0.408s] reading manifest file '../../build/wall_follower/wall_follower.egg-info/SOURCES.txt'
[0.409s] writing manifest file '../../build/wall_follower/wall_follower.egg-info/SOURCES.txt'
[0.409s] running build
[0.409s] running build_py
[0.409s] copying wall_follower/tf_broadcaster.py -> /home/autodrive_devkit/roboracer_ws/build/wall_follower/build/lib/wall_follower
[0.409s] copying wall_follower/global_planner.py -> /home/autodrive_devkit/roboracer_ws/build/wall_follower/build/lib/wall_follower
[0.409s] copying wall_follower/mpc_controller.py -> /home/autodrive_devkit/roboracer_ws/build/wall_follower/build/lib/wall_follower
[0.409s] copying wall_follower/local_planner.py -> /home/autodrive_devkit/roboracer_ws/build/wall_follower/build/lib/wall_follower
[0.410s] running install
[0.410s] running install_lib
[0.410s] copying /home/autodrive_devkit/roboracer_ws/build/wall_follower/build/lib/wall_follower/tf_broadcaster.py -> /home/autodrive_devkit/roboracer_ws/install/wall_follower/lib/python3.10/site-packages/wall_follower
[0.410s] copying /home/autodrive_devkit/roboracer_ws/build/wall_follower/build/lib/wall_follower/global_planner.py -> /home/autodrive_devkit/roboracer_ws/install/wall_follower/lib/python3.10/site-packages/wall_follower
[0.410s] copying /home/autodrive_devkit/roboracer_ws/build/wall_follower/build/lib/wall_follower/mpc_controller.py -> /home/autodrive_devkit/roboracer_ws/install/wall_follower/lib/python3.10/site-packages/wall_follower
[0.410s] copying /home/autodrive_devkit/roboracer_ws/build/wall_follower/build/lib/wall_follower/local_planner.py -> /home/autodrive_devkit/roboracer_ws/install/wall_follower/lib/python3.10/site-packages/wall_follower
[0.410s] byte-compiling /home/autodrive_devkit/roboracer_ws/install/wall_follower/lib/python3.10/site-packages/wall_follower/tf_broadcaster.py to tf_broadcaster.cpython-310.pyc
[0.411s] byte-compiling /home/autodrive_devkit/roboracer_ws/install/wall_follower/lib/python3.10/site-packages/wall_follower/global_planner.py to global_planner.cpython-310.pyc
[0.412s] byte-compiling /home/autodrive_devkit/roboracer_ws/install/wall_follower/lib/python3.10/site-packages/wall_follower/mpc_controller.py to mpc_controller.cpython-310.pyc
[0.413s] byte-compiling /home/autodrive_devkit/roboracer_ws/install/wall_follower/lib/python3.10/site-packages/wall_follower/local_planner.py to local_planner.cpython-310.pyc
[0.414s] running install_data
[0.414s] copying package.xml -> /home/autodrive_devkit/roboracer_ws/install/wall_follower/share/wall_follower
[0.414s] copying launch/racing.launch.py -> /home/autodrive_devkit/roboracer_ws/install/wall_follower/share/wall_follower/launch
[0.414s] copying rviz/racing.rviz -> /home/autodrive_devkit/roboracer_ws/install/wall_follower/share/wall_follower/rviz
[0.414s] creating /home/autodrive_devkit/roboracer_ws/install/wall_follower/share/wall_follower/config
[0.414s] copying config/slam_params.yaml -> /home/autodrive_devkit/roboracer_ws/install/wall_follower/share/wall_follower/config
[0.414s] running install_egg_info
[0.415s] removing '/home/autodrive_devkit/roboracer_ws/install/wall_follower/lib/python3.10/site-packages/wall_follower-0.0.0-py3.10.egg-info' (and everything under it)
[0.415s] Copying ../../build/wall_follower/wall_follower.egg-info to /home/autodrive_devkit/roboracer_ws/install/wall_follower/lib/python3.10/site-packages/wall_follower-0.0.0-py3.10.egg-info
[0.415s] running install_scripts
[0.428s] Installing global_planner script to /home/autodrive_devkit/roboracer_ws/install/wall_follower/lib/wall_follower
[0.428s] Installing local_planner script to /home/autodrive_devkit/roboracer_ws/install/wall_follower/lib/wall_follower
[0.428s] Installing map_follower script to /home/autodrive_devkit/roboracer_ws/install/wall_follower/lib/wall_follower
[0.428s] Installing mpc_controller script to /home/autodrive_devkit/roboracer_ws/install/wall_follower/lib/wall_follower
[0.428s] Installing mpc_driver script to /home/autodrive_devkit/roboracer_ws/install/wall_follower/lib/wall_follower
[0.428s] Installing robust_driver script to /home/autodrive_devkit/roboracer_ws/install/wall_follower/lib/wall_follower
[0.428s] Installing simple_driver script to /home/autodrive_devkit/roboracer_ws/install/wall_follower/lib/wall_follower
[0.428s] Installing slam_driver script to /home/autodrive_devkit/roboracer_ws/install/wall_follower/lib/wall_follower
[0.428s] Installing tf_broadcaster script to /home/autodrive_devkit/roboracer_ws/install/wall_follower/lib/wall_follower
[0.428s] writing list of installed files to '/home/autodrive_devkit/roboracer_ws/build/wall_follower/install.log'
[0.441s] Invoked command in '/home/autodrive_devkit/roboracer_ws/src/wall_follower' returned '0': PYTHONPATH=/home/autodrive_devkit/roboracer_ws/build/wall_follower/prefix_override:/usr/lib/python3/dist-packages/colcon_core/task/python/colcon_distutils_commands:/home/autodrive_devkit/roboracer_ws/install/wall_follower/lib/python3.10/site-packages:${PYTHONPATH} /usr/bin/python3 -W ignore:setup.py install is deprecated -W ignore:easy_install command is deprecated setup.py egg_info --egg-base ../../build/wall_follower build --build-base /home/autodrive_devkit/roboracer_ws/build/wall_follower/build install --record /home/autodrive_devkit/roboracer_ws/build/wall_follower/install.log --single-version-externally-managed install_data
