[0.369s] Invoking command in '/home/autodrive_devkit/roboracer_ws/src/wall_follower': PYTHONPATH=/home/autodrive_devkit/roboracer_ws/build/wall_follower/prefix_override:/usr/lib/python3/dist-packages/colcon_core/task/python/colcon_distutils_commands:/home/autodrive_devkit/roboracer_ws/install/wall_follower/lib/python3.10/site-packages:${PYTHONPATH} /usr/bin/python3 -W ignore:setup.py install is deprecated -W ignore:easy_install command is deprecated setup.py egg_info --egg-base ../../build/wall_follower build --build-base /home/autodrive_devkit/roboracer_ws/build/wall_follower/build install --record /home/autodrive_devkit/roboracer_ws/build/wall_follower/install.log --single-version-externally-managed install_data
[0.526s] running egg_info
[0.526s] writing ../../build/wall_follower/wall_follower.egg-info/PKG-INFO
[0.526s] writing dependency_links to ../../build/wall_follower/wall_follower.egg-info/dependency_links.txt
[0.527s] writing entry points to ../../build/wall_follower/wall_follower.egg-info/entry_points.txt
[0.527s] writing requirements to ../../build/wall_follower/wall_follower.egg-info/requires.txt
[0.527s] writing top-level names to ../../build/wall_follower/wall_follower.egg-info/top_level.txt
[0.528s] reading manifest file '../../build/wall_follower/wall_follower.egg-info/SOURCES.txt'
[0.529s] writing manifest file '../../build/wall_follower/wall_follower.egg-info/SOURCES.txt'
[0.529s] running build
[0.529s] running build_py
[0.530s] running install
[0.530s] running install_lib
[0.531s] running install_data
[0.531s] running install_egg_info
[0.532s] removing '/home/autodrive_devkit/roboracer_ws/install/wall_follower/lib/python3.10/site-packages/wall_follower-0.0.0-py3.10.egg-info' (and everything under it)
[0.533s] Copying ../../build/wall_follower/wall_follower.egg-info to /home/autodrive_devkit/roboracer_ws/install/wall_follower/lib/python3.10/site-packages/wall_follower-0.0.0-py3.10.egg-info
[0.533s] running install_scripts
[0.548s] Installing disparity_extender script to /home/autodrive_devkit/roboracer_ws/install/wall_follower/lib/wall_follower
[0.548s] Installing ftg_driver script to /home/autodrive_devkit/roboracer_ws/install/wall_follower/lib/wall_follower
[0.548s] Installing global_planner script to /home/autodrive_devkit/roboracer_ws/install/wall_follower/lib/wall_follower
[0.548s] Installing local_planner script to /home/autodrive_devkit/roboracer_ws/install/wall_follower/lib/wall_follower
[0.548s] Installing map_driver script to /home/autodrive_devkit/roboracer_ws/install/wall_follower/lib/wall_follower
[0.548s] Installing mpc_controller script to /home/autodrive_devkit/roboracer_ws/install/wall_follower/lib/wall_follower
[0.548s] Installing path_racer script to /home/autodrive_devkit/roboracer_ws/install/wall_follower/lib/wall_follower
[0.548s] Installing rw_follower script to /home/autodrive_devkit/roboracer_ws/install/wall_follower/lib/wall_follower
[0.548s] Installing slam_driver script to /home/autodrive_devkit/roboracer_ws/install/wall_follower/lib/wall_follower
[0.548s] Installing tf_broadcaster script to /home/autodrive_devkit/roboracer_ws/install/wall_follower/lib/wall_follower
[0.548s] Installing track_mapper script to /home/autodrive_devkit/roboracer_ws/install/wall_follower/lib/wall_follower
[0.548s] writing list of installed files to '/home/autodrive_devkit/roboracer_ws/build/wall_follower/install.log'
[0.565s] Invoked command in '/home/autodrive_devkit/roboracer_ws/src/wall_follower' returned '0': PYTHONPATH=/home/autodrive_devkit/roboracer_ws/build/wall_follower/prefix_override:/usr/lib/python3/dist-packages/colcon_core/task/python/colcon_distutils_commands:/home/autodrive_devkit/roboracer_ws/install/wall_follower/lib/python3.10/site-packages:${PYTHONPATH} /usr/bin/python3 -W ignore:setup.py install is deprecated -W ignore:easy_install command is deprecated setup.py egg_info --egg-base ../../build/wall_follower build --build-base /home/autodrive_devkit/roboracer_ws/build/wall_follower/build install --record /home/autodrive_devkit/roboracer_ws/build/wall_follower/install.log --single-version-externally-managed install_data
