[1.175s] Invoking command in '/home/autodrive_devkit/roboracer_ws/src/wall_follower': PYTHONPATH=/home/autodrive_devkit/roboracer_ws/build/wall_follower/prefix_override:/usr/lib/python3/dist-packages/colcon_core/task/python/colcon_distutils_commands:/home/autodrive_devkit/roboracer_ws/install/wall_follower/lib/python3.10/site-packages:${PYTHONPATH} /usr/bin/python3 -W ignore:setup.py install is deprecated -W ignore:easy_install command is deprecated setup.py egg_info --egg-base ../../build/wall_follower build --build-base /home/autodrive_devkit/roboracer_ws/build/wall_follower/build install --record /home/autodrive_devkit/roboracer_ws/build/wall_follower/install.log --single-version-externally-managed install_data
[1.640s] running egg_info
[1.642s] writing ../../build/wall_follower/wall_follower.egg-info/PKG-INFO
[1.643s] writing dependency_links to ../../build/wall_follower/wall_follower.egg-info/dependency_links.txt
[1.643s] writing entry points to ../../build/wall_follower/wall_follower.egg-info/entry_points.txt
[1.643s] writing requirements to ../../build/wall_follower/wall_follower.egg-info/requires.txt
[1.643s] writing top-level names to ../../build/wall_follower/wall_follower.egg-info/top_level.txt
[1.648s] reading manifest file '../../build/wall_follower/wall_follower.egg-info/SOURCES.txt'
[1.650s] writing manifest file '../../build/wall_follower/wall_follower.egg-info/SOURCES.txt'
[1.651s] running build
[1.651s] running build_py
[1.651s] copying wall_follower/map_driver.py -> /home/autodrive_devkit/roboracer_ws/build/wall_follower/build/lib/wall_follower
[1.652s] running install
[1.653s] running install_lib
[1.655s] copying /home/autodrive_devkit/roboracer_ws/build/wall_follower/build/lib/wall_follower/map_driver.py -> /home/autodrive_devkit/roboracer_ws/install/wall_follower/lib/python3.10/site-packages/wall_follower
[1.656s] byte-compiling /home/autodrive_devkit/roboracer_ws/install/wall_follower/lib/python3.10/site-packages/wall_follower/map_driver.py to map_driver.cpython-310.pyc
[1.658s] running install_data
[1.658s] copying launch/mapping.launch.py -> /home/autodrive_devkit/roboracer_ws/install/wall_follower/share/wall_follower/launch
[1.659s] running install_egg_info
[1.664s] removing '/home/autodrive_devkit/roboracer_ws/install/wall_follower/lib/python3.10/site-packages/wall_follower-0.0.0-py3.10.egg-info' (and everything under it)
[1.665s] Copying ../../build/wall_follower/wall_follower.egg-info to /home/autodrive_devkit/roboracer_ws/install/wall_follower/lib/python3.10/site-packages/wall_follower-0.0.0-py3.10.egg-info
[1.668s] running install_scripts
[1.714s] Installing disparity_extender script to /home/autodrive_devkit/roboracer_ws/install/wall_follower/lib/wall_follower
[1.714s] Installing ftg_driver script to /home/autodrive_devkit/roboracer_ws/install/wall_follower/lib/wall_follower
[1.715s] Installing global_planner script to /home/autodrive_devkit/roboracer_ws/install/wall_follower/lib/wall_follower
[1.715s] Installing local_planner script to /home/autodrive_devkit/roboracer_ws/install/wall_follower/lib/wall_follower
[1.715s] Installing map_driver script to /home/autodrive_devkit/roboracer_ws/install/wall_follower/lib/wall_follower
[1.716s] Installing mpc_controller script to /home/autodrive_devkit/roboracer_ws/install/wall_follower/lib/wall_follower
[1.716s] Installing rw_follower script to /home/autodrive_devkit/roboracer_ws/install/wall_follower/lib/wall_follower
[1.716s] Installing slam_driver script to /home/autodrive_devkit/roboracer_ws/install/wall_follower/lib/wall_follower
[1.716s] Installing tf_broadcaster script to /home/autodrive_devkit/roboracer_ws/install/wall_follower/lib/wall_follower
[1.717s] writing list of installed files to '/home/autodrive_devkit/roboracer_ws/build/wall_follower/install.log'
[1.763s] Invoked command in '/home/autodrive_devkit/roboracer_ws/src/wall_follower' returned '0': PYTHONPATH=/home/autodrive_devkit/roboracer_ws/build/wall_follower/prefix_override:/usr/lib/python3/dist-packages/colcon_core/task/python/colcon_distutils_commands:/home/autodrive_devkit/roboracer_ws/install/wall_follower/lib/python3.10/site-packages:${PYTHONPATH} /usr/bin/python3 -W ignore:setup.py install is deprecated -W ignore:easy_install command is deprecated setup.py egg_info --egg-base ../../build/wall_follower build --build-base /home/autodrive_devkit/roboracer_ws/build/wall_follower/build install --record /home/autodrive_devkit/roboracer_ws/build/wall_follower/install.log --single-version-externally-managed install_data
