running egg_info
writing ../../build/wall_follower/wall_follower.egg-info/PKG-INFO
writing dependency_links to ../../build/wall_follower/wall_follower.egg-info/dependency_links.txt
writing entry points to ../../build/wall_follower/wall_follower.egg-info/entry_points.txt
writing requirements to ../../build/wall_follower/wall_follower.egg-info/requires.txt
writing top-level names to ../../build/wall_follower/wall_follower.egg-info/top_level.txt
reading manifest file '../../build/wall_follower/wall_follower.egg-info/SOURCES.txt'
writing manifest file '../../build/wall_follower/wall_follower.egg-info/SOURCES.txt'
running build
running build_py
running install
running install_lib
running install_data
running install_egg_info
removing '/home/autodrive_devkit/roboracer_ws/install/wall_follower/lib/python3.10/site-packages/wall_follower-0.0.0-py3.10.egg-info' (and everything under it)
Copying ../../build/wall_follower/wall_follower.egg-info to /home/autodrive_devkit/roboracer_ws/install/wall_follower/lib/python3.10/site-packages/wall_follower-0.0.0-py3.10.egg-info
running install_scripts
Installing disparity_extender script to /home/autodrive_devkit/roboracer_ws/install/wall_follower/lib/wall_follower
Installing ftg_driver script to /home/autodrive_devkit/roboracer_ws/install/wall_follower/lib/wall_follower
Installing global_planner script to /home/autodrive_devkit/roboracer_ws/install/wall_follower/lib/wall_follower
Installing local_planner script to /home/autodrive_devkit/roboracer_ws/install/wall_follower/lib/wall_follower
Installing mpc_controller script to /home/autodrive_devkit/roboracer_ws/install/wall_follower/lib/wall_follower
Installing rw_follower script to /home/autodrive_devkit/roboracer_ws/install/wall_follower/lib/wall_follower
Installing slam_driver script to /home/autodrive_devkit/roboracer_ws/install/wall_follower/lib/wall_follower
Installing tf_broadcaster script to /home/autodrive_devkit/roboracer_ws/install/wall_follower/lib/wall_follower
writing list of installed files to '/home/autodrive_devkit/roboracer_ws/build/wall_follower/install.log'
