/home/autodrive_devkit/roboracer_ws/install/wall_follower/lib/python3.10/site-packages/wall_follower/tf_broadcaster.py
/home/autodrive_devkit/roboracer_ws/install/wall_follower/lib/python3.10/site-packages/wall_follower/global_planner.py
/home/autodrive_devkit/roboracer_ws/install/wall_follower/lib/python3.10/site-packages/wall_follower/__init__.py
/home/autodrive_devkit/roboracer_ws/install/wall_follower/lib/python3.10/site-packages/wall_follower/slam_driver.py
/home/autodrive_devkit/roboracer_ws/install/wall_follower/lib/python3.10/site-packages/wall_follower/mpc_controller.py
/home/autodrive_devkit/roboracer_ws/install/wall_follower/lib/python3.10/site-packages/wall_follower/local_planner.py
/home/autodrive_devkit/roboracer_ws/install/wall_follower/lib/python3.10/site-packages/wall_follower/disparity_extender.py
/home/autodrive_devkit/roboracer_ws/install/wall_follower/lib/python3.10/site-packages/wall_follower/__pycache__/tf_broadcaster.cpython-310.pyc
/home/autodrive_devkit/roboracer_ws/install/wall_follower/lib/python3.10/site-packages/wall_follower/__pycache__/global_planner.cpython-310.pyc
/home/autodrive_devkit/roboracer_ws/install/wall_follower/lib/python3.10/site-packages/wall_follower/__pycache__/__init__.cpython-310.pyc
/home/autodrive_devkit/roboracer_ws/install/wall_follower/lib/python3.10/site-packages/wall_follower/__pycache__/slam_driver.cpython-310.pyc
/home/autodrive_devkit/roboracer_ws/install/wall_follower/lib/python3.10/site-packages/wall_follower/__pycache__/mpc_controller.cpython-310.pyc
/home/autodrive_devkit/roboracer_ws/install/wall_follower/lib/python3.10/site-packages/wall_follower/__pycache__/local_planner.cpython-310.pyc
/home/autodrive_devkit/roboracer_ws/install/wall_follower/lib/python3.10/site-packages/wall_follower/__pycache__/disparity_extender.cpython-310.pyc
/home/autodrive_devkit/roboracer_ws/install/wall_follower/share/ament_index/resource_index/packages/wall_follower
/home/autodrive_devkit/roboracer_ws/install/wall_follower/share/wall_follower/package.xml
/home/autodrive_devkit/roboracer_ws/install/wall_follower/share/wall_follower/launch/racing.launch.py
/home/autodrive_devkit/roboracer_ws/install/wall_follower/share/wall_follower/rviz/racing.rviz
/home/autodrive_devkit/roboracer_ws/install/wall_follower/share/wall_follower/config/slam_params.yaml
/home/autodrive_devkit/roboracer_ws/install/wall_follower/share/wall_follower/config/mpc_params.yaml
/home/autodrive_devkit/roboracer_ws/install/wall_follower/lib/python3.10/site-packages/wall_follower-0.0.0-py3.10.egg-info/SOURCES.txt
/home/autodrive_devkit/roboracer_ws/install/wall_follower/lib/python3.10/site-packages/wall_follower-0.0.0-py3.10.egg-info/PKG-INFO
/home/autodrive_devkit/roboracer_ws/install/wall_follower/lib/python3.10/site-packages/wall_follower-0.0.0-py3.10.egg-info/top_level.txt
/home/autodrive_devkit/roboracer_ws/install/wall_follower/lib/python3.10/site-packages/wall_follower-0.0.0-py3.10.egg-info/requires.txt
/home/autodrive_devkit/roboracer_ws/install/wall_follower/lib/python3.10/site-packages/wall_follower-0.0.0-py3.10.egg-info/entry_points.txt
/home/autodrive_devkit/roboracer_ws/install/wall_follower/lib/python3.10/site-packages/wall_follower-0.0.0-py3.10.egg-info/zip-safe
/home/autodrive_devkit/roboracer_ws/install/wall_follower/lib/python3.10/site-packages/wall_follower-0.0.0-py3.10.egg-info/dependency_links.txt
/home/autodrive_devkit/roboracer_ws/install/wall_follower/lib/wall_follower/disparity_extender
/home/autodrive_devkit/roboracer_ws/install/wall_follower/lib/wall_follower/global_planner
/home/autodrive_devkit/roboracer_ws/install/wall_follower/lib/wall_follower/local_planner
/home/autodrive_devkit/roboracer_ws/install/wall_follower/lib/wall_follower/mpc_controller
/home/autodrive_devkit/roboracer_ws/install/wall_follower/lib/wall_follower/slam_driver
/home/autodrive_devkit/roboracer_ws/install/wall_follower/lib/wall_follower/tf_broadcaster
