[0.700s] Invoking command in '/home/autodrive_devkit/roboracer_ws/src/wall_follower': PYTHONPATH=/home/autodrive_devkit/roboracer_ws/build/wall_follower/prefix_override:/usr/lib/python3/dist-packages/colcon_core/task/python/colcon_distutils_commands:/home/autodrive_devkit/roboracer_ws/install/wall_follower/lib/python3.10/site-packages:${PYTHONPATH} /usr/bin/python3 -W ignore:setup.py install is deprecated -W ignore:easy_install command is deprecated setup.py egg_info --egg-base ../../build/wall_follower build --build-base /home/autodrive_devkit/roboracer_ws/build/wall_follower/build install --record /home/autodrive_devkit/roboracer_ws/build/wall_follower/install.log --single-version-externally-managed install_data
[0.967s] running egg_info
[0.968s] writing ../../build/wall_follower/wall_follower.egg-info/PKG-INFO
[0.969s] writing dependency_links to ../../build/wall_follower/wall_follower.egg-info/dependency_links.txt
[0.970s] writing entry points to ../../build/wall_follower/wall_follower.egg-info/entry_points.txt
[0.970s] writing requirements to ../../build/wall_follower/wall_follower.egg-info/requires.txt
[0.970s] writing top-level names to ../../build/wall_follower/wall_follower.egg-info/top_level.txt
[0.971s] reading manifest file '../../build/wall_follower/wall_follower.egg-info/SOURCES.txt'
[0.976s] writing manifest file '../../build/wall_follower/wall_follower.egg-info/SOURCES.txt'
[0.977s] running build
[0.977s] running build_py
[0.977s] running install
[0.978s] running install_lib
[0.979s] running install_data
[0.979s] running install_egg_info
[0.981s] removing '/home/autodrive_devkit/roboracer_ws/install/wall_follower/lib/python3.10/site-packages/wall_follower-0.0.0-py3.10.egg-info' (and everything under it)
[0.982s] Copying ../../build/wall_follower/wall_follower.egg-info to /home/autodrive_devkit/roboracer_ws/install/wall_follower/lib/python3.10/site-packages/wall_follower-0.0.0-py3.10.egg-info
[0.982s] running install_scripts
[1.010s] Installing global_planner script to /home/autodrive_devkit/roboracer_ws/install/wall_follower/lib/wall_follower
[1.010s] Installing local_planner script to /home/autodrive_devkit/roboracer_ws/install/wall_follower/lib/wall_follower
[1.010s] Installing map_follower script to /home/autodrive_devkit/roboracer_ws/install/wall_follower/lib/wall_follower
[1.010s] Installing mpc_controller script to /home/autodrive_devkit/roboracer_ws/install/wall_follower/lib/wall_follower
[1.010s] Installing mpc_driver script to /home/autodrive_devkit/roboracer_ws/install/wall_follower/lib/wall_follower
[1.010s] Installing robust_driver script to /home/autodrive_devkit/roboracer_ws/install/wall_follower/lib/wall_follower
[1.011s] Installing simple_driver script to /home/autodrive_devkit/roboracer_ws/install/wall_follower/lib/wall_follower
[1.011s] Installing slam_driver script to /home/autodrive_devkit/roboracer_ws/install/wall_follower/lib/wall_follower
[1.011s] writing list of installed files to '/home/autodrive_devkit/roboracer_ws/build/wall_follower/install.log'
[1.040s] Invoked command in '/home/autodrive_devkit/roboracer_ws/src/wall_follower' returned '0': PYTHONPATH=/home/autodrive_devkit/roboracer_ws/build/wall_follower/prefix_override:/usr/lib/python3/dist-packages/colcon_core/task/python/colcon_distutils_commands:/home/autodrive_devkit/roboracer_ws/install/wall_follower/lib/python3.10/site-packages:${PYTHONPATH} /usr/bin/python3 -W ignore:setup.py install is deprecated -W ignore:easy_install command is deprecated setup.py egg_info --egg-base ../../build/wall_follower build --build-base /home/autodrive_devkit/roboracer_ws/build/wall_follower/build install --record /home/autodrive_devkit/roboracer_ws/build/wall_follower/install.log --single-version-externally-managed install_data
